<?xml version="1.0" encoding="UTF-8"?>
<!-- Generated by org.testng.reporters.JUnitReportReporter -->
<testsuite skipped="0" hostname="ip-172-31-87-20" name="test.Testcase2" tests="2" failures="0" timestamp="2021-10-25T14:58:55 UTC" time="0.007" errors="0">
  <testcase name="CCTest" time="0.006" classname="test.Testcase2"/>
  <system-out/>
  <testcase name="CreditcardLoan" time="0.001" classname="test.Testcase2"/>
  <system-out/>
</testsuite> <!-- test.Testcase2 -->
