<?xml version="1.0" encoding="UTF-8"?>
<!-- Generated by org.testng.reporters.JUnitReportReporter -->
<testsuite skipped="0" hostname="ip-172-31-87-20" name="test.LoginTest" tests="2" failures="0" timestamp="2021-10-26T07:30:37 UTC" time="10.038" errors="0">
  <testcase name="NegativeLogin" time="6.393" classname="test.LoginTest"/>
  <system-out/>
  <testcase name="PositiveLogin" time="3.645" classname="test.LoginTest"/>
  <system-out/>
</testsuite> <!-- test.LoginTest -->
